<?xml version="1.0" encoding="UTF-8"?>
<!-- Generated by org.testng.reporters.JUnitReportReporter -->
<testsuite hostname="DESKTOP-VLHIS80" failures="0" tests="3" name="codenboxautomationlab1.codenboxautomationlab1.AppTest" time="0.217" errors="0" timestamp="2025-04-21T20:17:49 GMT+03:00" skipped="2">
  <testcase classname="codenboxautomationlab1.codenboxautomationlab1.AppTest" name="StaticDropdown" time="0.217"/>
  <testcase classname="codenboxautomationlab1.codenboxautomationlab1.AppTest" name="RadioButton">
    <skipped/>
  </testcase> <!-- RadioButton -->
  <testcase classname="codenboxautomationlab1.codenboxautomationlab1.AppTest" name="Dynamic_Dropdown">
    <skipped/>
  </testcase> <!-- Dynamic_Dropdown -->
</testsuite> <!-- codenboxautomationlab1.codenboxautomationlab1.AppTest -->
